2021-04-05 23:39:57,005 - BrowserEngine - INFO - You had select Chrome browser.
2021-04-05 23:39:57,005 - BrowserEngine - INFO - The test server url is: https://wms.hupun.com/login.d.
2021-04-05 23:39:58,916 - BrowserEngine - INFO - Starting Chrome browser.
2021-04-05 23:40:00,086 - BrowserEngine - INFO - Open url: https://wms.hupun.com/login.d.
2021-04-05 23:40:03,260 - BrowserEngine - INFO - Maximize the current window.
2021-04-05 23:40:03,261 - BrowserEngine - INFO - Set implicity wait 10 seconds.
2021-04-05 23:40:05,289 - BasePage - INFO - Had find the element '  ' successful by xpath via value: //*[@id='comName'] 
2021-04-05 23:40:05,384 - BasePage - INFO - Had type ' lubantestwms01 '  in input box.
2021-04-05 23:40:05,402 - BasePage - INFO - Had find the element '  ' successful by xpath via value: //*[@id='userId'] 
2021-04-05 23:40:05,456 - BasePage - INFO - Had type ' bessie '  in input box.
2021-04-05 23:40:05,475 - BasePage - INFO - Had find the element '  ' successful by xpath via value: //*[@id='password'] 
2021-04-05 23:40:05,550 - BasePage - INFO - Had type ' bessie1234 '  in input box.
2021-04-05 23:40:07,576 - BasePage - INFO - Had find the element ' 登 录 ' successful by xpath via value: //button/span 
2021-04-05 23:40:07,780 - BasePage - INFO - The element ' 登录中，请稍候... 's was clicked.
2021-04-05 23:40:10,358 - BasePage - INFO - Had take screenshot and save to folder : /screenshots
2021-04-05 23:40:12,386 - BasePage - INFO - Had find the element ' 我知道啦！ ' successful by xpath via value: //*[@id='d_tipUpdate']/div/div[2]/span[2]/div/button/span 
2021-04-05 23:40:12,436 - BasePage - INFO - The element '  's was clicked.
2021-04-05 23:40:14,463 - BasePage - INFO - Had find the element ' bessie ' successful by xpath via value: //*[text()='bessie'] 
2021-04-05 23:40:14,507 - BasePage - INFO - The element ' bessie 's was clicked.
2021-04-05 23:40:14,534 - BasePage - INFO - Had find the element ' 数据中心 ' successful by xpath via value: //*[text()='数据中心'] 
2021-04-05 23:40:14,716 - BasePage - INFO - The element ' 数据中心 's was clicked.
