2021-04-19 16:17:27,977 - BasePage - INFO - Had find the element '  ' successful by xpath via value: //*[@id='app']/div[2]/div[2]/div[3]/div[1]/input 
2021-04-19 16:17:28,168 - BasePage - INFO - Had type ' 17826875820 '  in input box.
2021-04-19 16:17:28,194 - BasePage - INFO - Had find the element '  ' successful by xpath via value: //*[@id='app']/div[2]/div[2]/div[3]/div[2]/input 
2021-04-19 16:17:28,455 - BasePage - INFO - Had type ' bessie1234!! '  in input box.
2021-04-19 16:17:28,485 - BasePage - INFO - Had find the element ' 登录 ' successful by xpath via value: //*[@id='app']/div[2]/div[2]/div[3]/div[5]/button 
2021-04-19 16:17:28,655 - BasePage - INFO - The element '  's was clicked.
2021-04-19 16:17:29,064 - BasePage - INFO - Had find the element ' qa-bs注册 ' successful by xpath via value: //*[text()='qa-bs注册'] 
2021-04-19 16:17:29,078 - BasePage - INFO - Had find the element ' qa-bs注册 ' successful by xpath via value: //*[text()='qa-bs注册'] 
2021-04-19 16:17:29,122 - BasePage - INFO - The element ' qa-bs注册 's was clicked.
2021-04-19 16:17:33,937 - BasePage - INFO - Had find the element '  ' successful by xpath via value: //*[text()='销售'] 
2021-04-19 16:17:34,045 - BasePage - INFO - The element ' 销售 's was clicked.
2021-04-19 16:17:34,071 - BasePage - INFO - Had find the element ' 新增订单 ' successful by xpath via value: //*[@id='menuBar']/li[3]/ul/li[1]/ul/li[8]/span[1] 
2021-04-19 16:17:34,178 - BasePage - INFO - The element '  's was clicked.
2021-04-19 16:17:36,388 - BasePage - INFO - Had switch to the iframe.
2021-04-19 16:17:38,391 - BasePage - INFO - Sleep for 2 seconds.
2021-04-19 16:17:38,413 - BasePage - INFO - Had find the element '  ' successful by xpath via value: //tr[3]/td/div/div[2]/div/div/div/input 
2021-04-19 16:17:38,427 - BasePage - INFO - Had find the element '  ' successful by xpath via value: //tr[3]/td/div/div[2]/div/div/div/input 
2021-04-19 16:17:39,324 - BasePage - INFO - Had type ' 自动化测试店铺勿动 '  in input box.
2021-04-19 16:17:41,356 - BasePage - INFO - Had find the element ' [其他平台]自动化测试店铺勿动 ' successful by xpath via value: //*[@id='d_ddShop']/div/div/div/div/table/tbody/tr/td 
2021-04-19 16:17:41,487 - BasePage - INFO - The element '  's was clicked.
2021-04-19 16:17:44,512 - BasePage - INFO - Had find the element ' 保存 ' successful by xpath via value: //*[@id='d_butSave']/span[1] 
2021-04-19 16:17:44,614 - BasePage - INFO - The element ' 保存 's was clicked.
