2021-04-19 16:28:29,611 - BasePage - INFO - Had find the element '  ' successful by xpath via value: //*[@id='app']/div[2]/div[2]/div[3]/div[1]/input 
2021-04-19 16:28:29,791 - BasePage - INFO - Had type ' 17826875820 '  in input box.
2021-04-19 16:28:29,825 - BasePage - INFO - Had find the element '  ' successful by xpath via value: //*[@id='app']/div[2]/div[2]/div[3]/div[2]/input 
2021-04-19 16:28:30,069 - BasePage - INFO - Had type ' bessie1234!! '  in input box.
2021-04-19 16:28:30,107 - BasePage - INFO - Had find the element ' 登录 ' successful by xpath via value: //*[@id='app']/div[2]/div[2]/div[3]/div[5]/button 
2021-04-19 16:28:30,192 - BasePage - INFO - The element '  's was clicked.
2021-04-19 16:28:30,501 - BasePage - INFO - Had find the element ' qa-bs注册 ' successful by xpath via value: //*[text()='qa-bs注册'] 
2021-04-19 16:28:30,516 - BasePage - INFO - Had find the element ' qa-bs注册 ' successful by xpath via value: //*[text()='qa-bs注册'] 
2021-04-19 16:28:30,559 - BasePage - INFO - The element ' qa-bs注册 's was clicked.
2021-04-19 16:28:33,387 - BasePage - INFO - Had find the element '  ' successful by xpath via value: //*[text()='销售'] 
2021-04-19 16:28:33,489 - BasePage - INFO - The element ' 销售 's was clicked.
2021-04-19 16:28:33,522 - BasePage - INFO - Had find the element ' 新增订单 ' successful by xpath via value: //*[@id='menuBar']/li[3]/ul/li[1]/ul/li[8]/span[1] 
2021-04-19 16:28:33,659 - BasePage - INFO - The element '  's was clicked.
2021-04-19 16:28:35,738 - BasePage - INFO - Had switch to the iframe.
2021-04-19 16:28:37,742 - BasePage - INFO - Sleep for 2 seconds.
2021-04-19 16:28:37,765 - BasePage - INFO - Had find the element '  ' successful by xpath via value: //*[text()='店铺名称:']/../div/div/div/div/input 
2021-04-19 16:28:38,580 - BasePage - INFO - Had type ' 自动化测试店铺勿动 '  in input box.
2021-04-19 16:28:40,609 - BasePage - INFO - Had find the element ' [其他平台]自动化测试店铺勿动 ' successful by xpath via value: //*[@id='d_ddShop']/div/div/div/div/table/tbody/tr/td 
2021-04-19 16:28:40,733 - BasePage - INFO - The element '  's was clicked.
2021-04-19 16:28:40,770 - BasePage - INFO - Had find the element '  ' successful by xpath via value: //*[text()='仓库:']/../div/div/div/div[2]/div 
2021-04-19 16:28:40,862 - BasePage - INFO - Had find the element ' 保存 ' successful by xpath via value: //*[@id='d_butSave']/span[1] 
2021-04-19 16:28:41,014 - BasePage - INFO - The element ' 保存 's was clicked.
